<?xml version="1.0" encoding="UTF-8"?>
<!-- Generated by org.testng.reporters.JUnitReportReporter -->
<testsuite hostname="PC6" name="com.appium.test.TestCase_One2" tests="1" failures="0" timestamp="26 Jul 2016 03:45:22 GMT" time="30.396" errors="0">
  <testcase name="testCase1" time="30.396" classname="com.appium.test.TestCase_One2"/>
</testsuite> <!-- com.appium.test.TestCase_One2 -->
