<?xml version="1.0" encoding="UTF-8"?>
<!-- Generated by org.testng.reporters.JUnitReportReporter -->
<testsuite hostname="PC6" name="com.appium.test.TestCase_One3" tests="7" failures="0" timestamp="26 Jul 2016 03:49:12 GMT" time="179.040" errors="0">
  <testcase name="testCase2" time="18.441" classname="com.appium.test.TestCase_One3"/>
  <testcase name="testCase4" time="22.623" classname="com.appium.test.TestCase_One3"/>
  <testcase name="testCase1" time="23.645" classname="com.appium.test.TestCase_One3"/>
  <testcase name="testCase5" time="21.833" classname="com.appium.test.TestCase_One3"/>
  <testcase name="testCase6" time="23.639" classname="com.appium.test.TestCase_One3"/>
  <testcase name="testCase7" time="44.819" classname="com.appium.test.TestCase_One3"/>
  <testcase name="testCase3" time="24.040" classname="com.appium.test.TestCase_One3"/>
</testsuite> <!-- com.appium.test.TestCase_One3 -->
