<?xml version="1.0" encoding="UTF-8"?>
<!-- Generated by org.testng.reporters.JUnitReportReporter -->
<testsuite hostname="Administrator" name="com.appium.test.aaaaaaa" tests="1" failures="0" timestamp="23 Jul 2016 12:55:59 GMT" time="0.022" errors="0">
  <testcase name="set" time="0.022" classname="com.appium.test.aaaaaaa"/>
</testsuite> <!-- com.appium.test.aaaaaaa -->
