<?xml version="1.0" encoding="UTF-8"?>
<!-- Generated by org.testng.reporters.JUnitReportReporter -->
<testsuite hostname="PC6" name="com.appium.test.TestNG" tests="3" failures="0" timestamp="18 Jul 2016 08:38:15 GMT" time="0.063" errors="0">
  <testcase name="testCase3" time="0.001" classname="com.appium.test.TestNG"/>
  <testcase name="testCase2" time="0.057" classname="com.appium.test.TestNG"/>
  <testcase name="testCase1" time="0.005" classname="com.appium.test.TestNG"/>
</testsuite> <!-- com.appium.test.TestNG -->
