<?xml version="1.0" encoding="UTF-8"?>
<!-- Generated by org.testng.reporters.JUnitReportReporter -->
<testsuite hostname="PC6" name="com.appium.test.TestUnicode" tests="1" failures="0" timestamp="25 Jul 2016 07:46:46 GMT" time="0.009" errors="0">
  <testcase name="set" time="0.009" classname="com.appium.test.TestUnicode"/>
</testsuite> <!-- com.appium.test.TestUnicode -->
