<?xml version="1.0" encoding="UTF-8"?>
<!-- Generated by org.testng.reporters.JUnitReportReporter -->
<testsuite hostname="PC6" name="com.appium.test.TestCase_One1" tests="2" failures="0" timestamp="26 Jul 2016 03:43:54 GMT" time="48.155" errors="0">
  <testcase name="testCase1" time="24.781" classname="com.appium.test.TestCase_One1"/>
  <testcase name="testCase1" time="23.374" classname="com.appium.test.TestCase_One1"/>
</testsuite> <!-- com.appium.test.TestCase_One1 -->
