<?xml version="1.0" encoding="UTF-8"?>
<!-- Generated by org.testng.reporters.JUnitReportReporter -->
<testsuite hostname="PC6" name="com.appium.test.TestCase_One4" tests="2" failures="0" timestamp="26 Jul 2016 09:56:18 GMT" time="28.953" errors="0">
  <testcase name="testCase1" time="15.477" classname="com.appium.test.TestCase_One4"/>
  <testcase name="testCase2" time="13.476" classname="com.appium.test.TestCase_One4"/>
</testsuite> <!-- com.appium.test.TestCase_One4 -->
