<?xml version="1.0" encoding="UTF-8"?>
<!-- Generated by org.testng.reporters.JUnitReportReporter -->
<testsuite hostname="PC6" name="com.appium.test.TestCase_One9" tests="2" failures="0" timestamp="15 Aug 2016 07:04:22 GMT" time="135.207" errors="0">
  <testcase name="testCase" time="72.649" classname="com.appium.test.TestCase_One9"/>
  <testcase name="testCase" time="62.558" classname="com.appium.test.TestCase_One9"/>
</testsuite> <!-- com.appium.test.TestCase_One9 -->
