<?xml version="1.0" encoding="UTF-8"?>
<!-- Generated by org.testng.reporters.JUnitReportReporter -->
<testsuite hostname="PC6" name="com.appium.test.LoadTest" tests="20" failures="0" timestamp="18 Jul 2016 08:49:26 GMT" time="20.267" errors="0">
  <testcase name="testdata1" time="1.009" classname="com.appium.test.LoadTest"/>
  <testcase name="testdata1" time="1.020" classname="com.appium.test.LoadTest"/>
  <testcase name="testdata1" time="1.017" classname="com.appium.test.LoadTest"/>
  <testcase name="testdata1" time="1.013" classname="com.appium.test.LoadTest"/>
  <testcase name="testdata1" time="1.020" classname="com.appium.test.LoadTest"/>
  <testcase name="testdata1" time="1.011" classname="com.appium.test.LoadTest"/>
  <testcase name="testdata1" time="1.017" classname="com.appium.test.LoadTest"/>
  <testcase name="testdata1" time="1.007" classname="com.appium.test.LoadTest"/>
  <testcase name="testdata1" time="1.012" classname="com.appium.test.LoadTest"/>
  <testcase name="testdata1" time="1.016" classname="com.appium.test.LoadTest"/>
  <testcase name="testdata1" time="1.017" classname="com.appium.test.LoadTest"/>
  <testcase name="testdata1" time="1.008" classname="com.appium.test.LoadTest"/>
  <testcase name="testdata1" time="1.008" classname="com.appium.test.LoadTest"/>
  <testcase name="testdata1" time="1.017" classname="com.appium.test.LoadTest"/>
  <testcase name="testdata1" time="1.019" classname="com.appium.test.LoadTest"/>
  <testcase name="testdata1" time="1.014" classname="com.appium.test.LoadTest"/>
  <testcase name="testdata1" time="1.008" classname="com.appium.test.LoadTest"/>
  <testcase name="testdata1" time="1.014" classname="com.appium.test.LoadTest"/>
  <testcase name="testdata1" time="1.013" classname="com.appium.test.LoadTest"/>
  <testcase name="testdata1" time="1.007" classname="com.appium.test.LoadTest"/>
</testsuite> <!-- com.appium.test.LoadTest -->
