<?xml version="1.0" encoding="UTF-8"?>
<!-- Generated by org.testng.reporters.JUnitReportReporter -->
<testsuite hostname="PC6" name="com.appium.test.TestCase_One6" tests="1" failures="0" timestamp="3 Aug 2016 02:39:37 GMT" time="59.473" errors="0">
  <testcase name="testCase2" time="59.473" classname="com.appium.test.TestCase_One6"/>
</testsuite> <!-- com.appium.test.TestCase_One6 -->
