<?xml version="1.0" encoding="UTF-8"?>
<!-- Generated by org.testng.reporters.JUnitReportReporter -->
<testsuite hostname="PC6" name="com.appium.test.TestCase_One8" tests="1" failures="0" timestamp="15 Aug 2016 07:11:33 GMT" time="46.159" errors="0">
  <testcase name="testCase" time="46.159" classname="com.appium.test.TestCase_One8"/>
</testsuite> <!-- com.appium.test.TestCase_One8 -->
